<?xml version="1.0" encoding="UTF-8"?>
<testsuite name="Cucumber" time="84.708" tests="1" skipped="0" failures="1" errors="0">
<testcase classname="US1004 Amazonda listeden ilk urunun dogru oldugunu test eder" name="TC08 ilk urun ismi arattirdigimiz kelimeyi icermeli" time="84.498">
<failure type="org.openqa.selenium.NoSuchElementException" message="Unable to locate element: (//div[@class='a-section aok-relative s-image-square-aspect'])[1]
For documentation on this error, please visit: https://www.selenium.dev/documentation/webdriver/troubleshooting/errors#no-such-element-exception
Build info: version: '4.15.0', revision: '1d14b5521b'
System info: os.name: 'Windows 11', os.arch: 'amd64', os.version: '10.0', java.version: '11.0.19'
Driver info: org.openqa.selenium.firefox.FirefoxDriver
Command: [2b654615-2ad8-4a2b-a5ad-e968ae76dce4, findElement {using=xpath, value=(//div[@class='a-section aok-relative s-image-square-aspect'])[1]}]
Capabilities {acceptInsecureCerts: true, browserName: firefox, browserVersion: 119.0, moz:accessibilityChecks: false, moz:buildID: 20231019122658, moz:debuggerAddress: 127.0.0.1:5254, moz:geckodriverVersion: 0.33.0, moz:headless: false, moz:platformVersion: 10.0, moz:processID: 14868, moz:profile: C:\Users\Lenovo\AppData\Loc..., moz:shutdownTimeout: 60000, moz:webdriverClick: true, moz:windowless: false, pageLoadStrategy: normal, platformName: windows, proxy: Proxy(), se:cdp: ws://127.0.0.1:5254/devtool..., se:cdpVersion: 85.0, setWindowRect: true, strictFileInteractability: false, timeouts: {implicit: 0, pageLoad: 300000, script: 30000}, unhandledPromptBehavior: dismiss and notify}
Session ID: 2b654615-2ad8-4a2b-a5ad-e968ae76dce4">
<![CDATA[org.openqa.selenium.NoSuchElementException: Unable to locate element: (//div[@class='a-section aok-relative s-image-square-aspect'])[1]
For documentation on this error, please visit: https://www.selenium.dev/documentation/webdriver/troubleshooting/errors#no-such-element-exception
Build info: version: '4.15.0', revision: '1d14b5521b'
System info: os.name: 'Windows 11', os.arch: 'amd64', os.version: '10.0', java.version: '11.0.19'
Driver info: org.openqa.selenium.firefox.FirefoxDriver
Command: [2b654615-2ad8-4a2b-a5ad-e968ae76dce4, findElement {using=xpath, value=(//div[@class='a-section aok-relative s-image-square-aspect'])[1]}]
Capabilities {acceptInsecureCerts: true, browserName: firefox, browserVersion: 119.0, moz:accessibilityChecks: false, moz:buildID: 20231019122658, moz:debuggerAddress: 127.0.0.1:5254, moz:geckodriverVersion: 0.33.0, moz:headless: false, moz:platformVersion: 10.0, moz:processID: 14868, moz:profile: C:\Users\Lenovo\AppData\Loc..., moz:shutdownTimeout: 60000, moz:webdriverClick: true, moz:windowless: false, pageLoadStrategy: normal, platformName: windows, proxy: Proxy(), se:cdp: ws://127.0.0.1:5254/devtool..., se:cdpVersion: 85.0, setWindowRect: true, strictFileInteractability: false, timeouts: {implicit: 0, pageLoad: 300000, script: 30000}, unhandledPromptBehavior: dismiss and notify}
Session ID: 2b654615-2ad8-4a2b-a5ad-e968ae76dce4
	at java.base/jdk.internal.reflect.NativeConstructorAccessorImpl.newInstance0(Native Method)
	at java.base/jdk.internal.reflect.NativeConstructorAccessorImpl.newInstance(NativeConstructorAccessorImpl.java:62)
	at java.base/jdk.internal.reflect.DelegatingConstructorAccessorImpl.newInstance(DelegatingConstructorAccessorImpl.java:45)
	at java.base/java.lang.reflect.Constructor.newInstance(Constructor.java:490)
	at org.openqa.selenium.remote.codec.w3c.W3CHttpResponseCodec.createException(W3CHttpResponseCodec.java:200)
	at org.openqa.selenium.remote.codec.w3c.W3CHttpResponseCodec.decode(W3CHttpResponseCodec.java:133)
	at org.openqa.selenium.remote.codec.w3c.W3CHttpResponseCodec.decode(W3CHttpResponseCodec.java:52)
	at org.openqa.selenium.remote.HttpCommandExecutor.execute(HttpCommandExecutor.java:191)
	at org.openqa.selenium.remote.service.DriverCommandExecutor.invokeExecute(DriverCommandExecutor.java:200)
	at org.openqa.selenium.remote.service.DriverCommandExecutor.execute(DriverCommandExecutor.java:175)
	at org.openqa.selenium.remote.RemoteWebDriver.execute(RemoteWebDriver.java:607)
	at org.openqa.selenium.remote.ElementLocation$ElementFinder$2.findElement(ElementLocation.java:165)
	at org.openqa.selenium.remote.ElementLocation.findElement(ElementLocation.java:59)
	at org.openqa.selenium.remote.RemoteWebDriver.findElement(RemoteWebDriver.java:364)
	at org.openqa.selenium.remote.RemoteWebDriver.findElement(RemoteWebDriver.java:358)
	at org.openqa.selenium.support.pagefactory.DefaultElementLocator.findElement(DefaultElementLocator.java:68)
	at org.openqa.selenium.support.pagefactory.internal.LocatingElementHandler.invoke(LocatingElementHandler.java:38)
	at com.sun.proxy.$Proxy21.click(Unknown Source)
	at stepdefinitions.AmazonStepdefinitions.ilk_urunu_tiklar(AmazonStepdefinitions.java:56)
	at ✽.ilk urunu tiklar(file:///C:/Users/Lenovo/Desktop/SELENIUM/yeni_cucumber/src/test/resources/amazon.feature:15)
]]>
</failure>
<system-out><![CDATA[
Given kullanici "amazonUrl" anasayfaya gider................................passed
Then 1 saniye bekler........................................................passed
Then kullanıcı girişi yapar.................................................passed
Then arama kutusuna "Java" yazip, ENTER tusuna basar........................passed
When ilk urunu tiklar.......................................................passed
When sepete ekler...........................................................passed
Then anasayfaya dönülür.....................................................passed
Then arama kutusuna "Java yazlimin kalbidir VE HERYERDEDİR" yazip, ENTER tusuna basar.passed
* ilk urunu tiklar..........................................................failed
And sayfayi kapatir.........................................................skipped
]]></system-out>
</testcase>
</testsuite>
